<?xml version="1.0" encoding="utf-8"?><testsuites name="pytest tests"><testsuite name="pytest" errors="0" failures="0" skipped="0" tests="12" time="3.367" timestamp="2026-04-13T18:12:37.023220+00:00" hostname="agent-env-80f57c1b-2e68-4b29-ba69-88492163e489"><testcase classname="tests.test_auth.TestAuthRegister" name="test_register_new_user" time="0.564" /><testcase classname="tests.test_auth.TestAuthRegister" name="test_register_duplicate_email" time="0.416" /><testcase classname="tests.test_auth.TestAuthLogin" name="test_login_admin_success" time="0.389" /><testcase classname="tests.test_auth.TestAuthLogin" name="test_login_invalid_credentials" time="0.395" /><testcase classname="tests.test_auth.TestAuthLogin" name="test_login_nonexistent_user" time="0.119" /><testcase classname="tests.test_auth.TestAuthMe" name="test_get_me_with_token" time="0.384" /><testcase classname="tests.test_auth.TestAuthMe" name="test_get_me_without_token" time="0.116" /><testcase classname="tests.test_auth.TestAuthLogout" name="test_logout" time="0.426" /><testcase classname="tests.test_health_and_activities.TestHealth" name="test_health_endpoint" time="0.105" /><testcase classname="tests.test_health_and_activities.TestActivities" name="test_get_activities_returns_7" time="0.134" /><testcase classname="tests.test_health_and_activities.TestActivities" name="test_get_activity_by_id" time="0.166" /><testcase classname="tests.test_health_and_activities.TestActivities" name="test_get_nonexistent_activity" time="0.108" /></testsuite></testsuites>