<?xml version="1.0" encoding="utf-8"?><testsuites name="pytest tests"><testsuite name="pytest" errors="0" failures="0" skipped="0" tests="14" time="4.550" timestamp="2026-04-13T18:41:54.650462+00:00" hostname="agent-env-80f57c1b-2e68-4b29-ba69-88492163e489"><testcase classname="tests.test_auth.TestAuthRegister" name="test_register_new_user" time="0.820" /><testcase classname="tests.test_auth.TestAuthRegister" name="test_register_duplicate_email" time="0.445" /><testcase classname="tests.test_auth.TestAuthLogin" name="test_login_admin_success" time="0.378" /><testcase classname="tests.test_auth.TestAuthLogin" name="test_login_invalid_credentials" time="0.332" /><testcase classname="tests.test_auth.TestAuthLogin" name="test_login_nonexistent_user" time="0.147" /><testcase classname="tests.test_auth.TestAuthMe" name="test_get_me_with_token" time="0.441" /><testcase classname="tests.test_auth.TestAuthMe" name="test_get_me_without_token" time="0.120" /><testcase classname="tests.test_auth.TestAuthLogout" name="test_logout" time="0.416" /><testcase classname="tests.test_health_and_activities.TestHealth" name="test_health_endpoint" time="0.103" /><testcase classname="tests.test_health_and_activities.TestActivities" name="test_get_activities_returns_empty_initially" time="0.238" /><testcase classname="tests.test_health_and_activities.TestActivities" name="test_get_nonexistent_activity" time="0.107" /><testcase classname="tests.test_health_and_activities.TestAdminActivities" name="test_admin_create_activity" time="0.446" /><testcase classname="tests.test_health_and_activities.TestAdminActivities" name="test_admin_get_all_activities" time="0.390" /><testcase classname="tests.test_health_and_activities.TestAdminActivities" name="test_non_admin_cannot_create_activity" time="0.137" /></testsuite></testsuites>